[10/May/2018:10:58:54 +0200] 0:0:0:0:0:0:0:1 "GET / HTTP/1.1" 200 (254 ms)
[10/May/2018:10:58:54 +0200] 0:0:0:0:0:0:0:1 "GET /favicon.ico HTTP/1.1" 200 (15 ms)
[10/May/2018:10:58:56 +0200] 0:0:0:0:0:0:0:1 "GET / HTTP/1.1" 200 (15 ms)
[10/May/2018:10:59:52 +0200] 0:0:0:0:0:0:0:1 "GET / HTTP/1.1" 200 (268 ms)
[10/May/2018:11:14:02 +0200] 0:0:0:0:0:0:0:1 "GET / HTTP/1.1" 200 (0 ms)
[10/May/2018:11:14:18 +0200] 0:0:0:0:0:0:0:1 "GET / HTTP/1.1" 200 (254 ms)
[10/May/2018:11:14:30 +0200] 0:0:0:0:0:0:0:1 "GET / HTTP/1.1" 200 (16 ms)
[10/May/2018:11:14:59 +0200] 0:0:0:0:0:0:0:1 "GET / HTTP/1.1" 200 (254 ms)
[10/May/2018:11:16:23 +0200] 0:0:0:0:0:0:0:1 "GET / HTTP/1.1" 200 (31 ms)
[10/May/2018:11:16:25 +0200] 0:0:0:0:0:0:0:1 "GET / HTTP/1.1" 200 (16 ms)
[10/May/2018:11:17:03 +0200] 0:0:0:0:0:0:0:1 "GET / HTTP/1.1" 200 (34 ms)
[10/May/2018:11:18:03 +0200] 0:0:0:0:0:0:0:1 "GET / HTTP/1.1" 200 (16 ms)
[10/May/2018:11:19:12 +0200] 0:0:0:0:0:0:0:1 "GET / HTTP/1.1" 200 (631 ms)
[10/May/2018:11:19:12 +0200] 0:0:0:0:0:0:0:1 "GET /danube-webshop.css HTTP/1.1" 200 (32 ms)
[10/May/2018:11:19:12 +0200] 0:0:0:0:0:0:0:1 "GET /libs/vendors/bower_components/jquery/dist/jquery.min.js HTTP/1.1" 404 (63 ms)
[10/May/2018:11:19:12 +0200] 0:0:0:0:0:0:0:1 "GET /libs/vendors/bower_components/bootstrap/dist/js/bootstrap.min.js HTTP/1.1" 404 (47 ms)
[10/May/2018:11:19:12 +0200] 0:0:0:0:0:0:0:1 "GET /danube-webshop.js HTTP/1.1" 404 (47 ms)
[10/May/2018:11:19:13 +0200] 0:0:0:0:0:0:0:1 "GET /srce-logo-potpis-web.gif HTTP/1.1" 404 (15 ms)
[10/May/2018:11:19:13 +0200] 0:0:0:0:0:0:0:1 "GET /libs/vendors/bower_components/jquery/dist/jquery.min.js HTTP/1.1" 404 (0 ms)
[10/May/2018:11:19:13 +0200] 0:0:0:0:0:0:0:1 "GET /libs/vendors/bower_components/bootstrap/dist/js/bootstrap.min.js HTTP/1.1" 404 (0 ms)
[10/May/2018:11:19:13 +0200] 0:0:0:0:0:0:0:1 "GET /danube-webshop.js HTTP/1.1" 404 (16 ms)
[10/May/2018:11:19:13 +0200] 0:0:0:0:0:0:0:1 "GET /srce-logo-potpis-web.gif HTTP/1.1" 404 (0 ms)
[10/May/2018:11:20:14 +0200] 0:0:0:0:0:0:0:1 "GET / HTTP/1.1" 500 (69 ms)
[10/May/2018:11:20:14 +0200] 0:0:0:0:0:0:0:1 "GET /libs/vendors/bower_components/jquery/dist/jquery.min.js HTTP/1.1" 404 (0 ms)
[10/May/2018:11:20:14 +0200] 0:0:0:0:0:0:0:1 "GET /libs/vendors/bower_components/bootstrap/dist/js/bootstrap.min.js HTTP/1.1" 404 (0 ms)
[10/May/2018:11:20:14 +0200] 0:0:0:0:0:0:0:1 "GET /danube-webshop.css HTTP/1.1" 304 (31 ms)
[10/May/2018:11:20:14 +0200] 0:0:0:0:0:0:0:1 "GET /danube-webshop.js HTTP/1.1" 404 (16 ms)
[10/May/2018:11:20:14 +0200] 0:0:0:0:0:0:0:1 "GET /srce-logo-potpis-web.gif HTTP/1.1" 404 (0 ms)
[10/May/2018:11:20:14 +0200] 0:0:0:0:0:0:0:1 "GET /libs/vendors/bower_components/jquery/dist/jquery.min.js HTTP/1.1" 404 (0 ms)
[10/May/2018:11:20:14 +0200] 0:0:0:0:0:0:0:1 "GET /libs/vendors/bower_components/bootstrap/dist/js/bootstrap.min.js HTTP/1.1" 404 (0 ms)
[10/May/2018:11:20:14 +0200] 0:0:0:0:0:0:0:1 "GET /danube-webshop.js HTTP/1.1" 404 (0 ms)
[10/May/2018:11:20:14 +0200] 0:0:0:0:0:0:0:1 "GET /srce-logo-potpis-web.gif HTTP/1.1" 404 (15 ms)
[10/May/2018:11:20:50 +0200] 0:0:0:0:0:0:0:1 "GET / HTTP/1.1" 200 (16 ms)
[10/May/2018:11:20:50 +0200] 0:0:0:0:0:0:0:1 "GET /danube-webshop.css HTTP/1.1" 304 (0 ms)
[10/May/2018:11:20:50 +0200] 0:0:0:0:0:0:0:1 "GET /libs/vendors/bower_components/jquery/dist/jquery.min.js HTTP/1.1" 404 (0 ms)
[10/May/2018:11:20:50 +0200] 0:0:0:0:0:0:0:1 "GET /libs/vendors/bower_components/bootstrap/dist/js/bootstrap.min.js HTTP/1.1" 404 (0 ms)
[10/May/2018:11:20:50 +0200] 0:0:0:0:0:0:0:1 "GET /danube-webshop.js HTTP/1.1" 404 (0 ms)
[10/May/2018:11:20:50 +0200] 0:0:0:0:0:0:0:1 "GET /srce-logo-potpis-web.gif HTTP/1.1" 404 (0 ms)
[10/May/2018:11:20:50 +0200] 0:0:0:0:0:0:0:1 "GET /libs/vendors/bower_components/jquery/dist/jquery.min.js HTTP/1.1" 404 (0 ms)
[10/May/2018:11:20:50 +0200] 0:0:0:0:0:0:0:1 "GET /libs/vendors/bower_components/bootstrap/dist/js/bootstrap.min.js HTTP/1.1" 404 (3 ms)
[10/May/2018:11:20:50 +0200] 0:0:0:0:0:0:0:1 "GET /danube-webshop.js HTTP/1.1" 404 (0 ms)
[10/May/2018:11:20:50 +0200] 0:0:0:0:0:0:0:1 "GET /srce-logo-potpis-web.gif HTTP/1.1" 404 (0 ms)
[10/May/2018:11:21:29 +0200] 0:0:0:0:0:0:0:1 "GET /dd HTTP/1.1" 404 (22 ms)
[10/May/2018:11:21:29 +0200] 0:0:0:0:0:0:0:1 "GET /danube-webshop.css HTTP/1.1" 304 (0 ms)
[10/May/2018:11:21:29 +0200] 0:0:0:0:0:0:0:1 "GET /libs/vendors/bower_components/jquery/dist/jquery.min.js HTTP/1.1" 404 (0 ms)
[10/May/2018:11:21:29 +0200] 0:0:0:0:0:0:0:1 "GET /libs/vendors/bower_components/bootstrap/dist/js/bootstrap.min.js HTTP/1.1" 404 (16 ms)
[10/May/2018:11:21:29 +0200] 0:0:0:0:0:0:0:1 "GET /danube-webshop.js HTTP/1.1" 404 (0 ms)
[10/May/2018:11:21:29 +0200] 0:0:0:0:0:0:0:1 "GET /srce-logo-potpis-web.gif HTTP/1.1" 404 (0 ms)
[10/May/2018:11:21:29 +0200] 0:0:0:0:0:0:0:1 "GET /libs/vendors/bower_components/jquery/dist/jquery.min.js HTTP/1.1" 404 (0 ms)
[10/May/2018:11:21:29 +0200] 0:0:0:0:0:0:0:1 "GET /libs/vendors/bower_components/bootstrap/dist/js/bootstrap.min.js HTTP/1.1" 404 (0 ms)
[10/May/2018:11:21:29 +0200] 0:0:0:0:0:0:0:1 "GET /danube-webshop.js HTTP/1.1" 404 (0 ms)
[10/May/2018:11:21:29 +0200] 0:0:0:0:0:0:0:1 "GET /srce-logo-potpis-web.gif HTTP/1.1" 404 (0 ms)
[10/May/2018:11:22:30 +0200] 0:0:0:0:0:0:0:1 "GET /dd HTTP/1.1" 404 (16 ms)
[10/May/2018:11:22:30 +0200] 0:0:0:0:0:0:0:1 "GET /danube-webshop.css HTTP/1.1" 200 (0 ms)
[10/May/2018:11:22:30 +0200] 0:0:0:0:0:0:0:1 "GET /danube-webshop.js HTTP/1.1" 404 (0 ms)
[10/May/2018:11:22:30 +0200] 0:0:0:0:0:0:0:1 "GET /libs/vendors/bower_components/jquery/dist/jquery.min.js HTTP/1.1" 404 (0 ms)
[10/May/2018:11:22:30 +0200] 0:0:0:0:0:0:0:1 "GET /libs/vendors/bower_components/bootstrap/dist/js/bootstrap.min.js HTTP/1.1" 404 (0 ms)
[10/May/2018:11:22:31 +0200] 0:0:0:0:0:0:0:1 "GET /srce-logo-potpis-web.gif HTTP/1.1" 404 (16 ms)
[10/May/2018:11:22:31 +0200] 0:0:0:0:0:0:0:1 "GET /libs/vendors/bower_components/jquery/dist/jquery.min.js HTTP/1.1" 404 (2 ms)
[10/May/2018:11:22:31 +0200] 0:0:0:0:0:0:0:1 "GET /libs/vendors/bower_components/bootstrap/dist/js/bootstrap.min.js HTTP/1.1" 404 (0 ms)
[10/May/2018:11:22:31 +0200] 0:0:0:0:0:0:0:1 "GET /danube-webshop.js HTTP/1.1" 404 (0 ms)
[10/May/2018:11:22:31 +0200] 0:0:0:0:0:0:0:1 "GET /srce-logo-potpis-web.gif HTTP/1.1" 404 (15 ms)
[10/May/2018:11:23:36 +0200] 0:0:0:0:0:0:0:1 "GET / HTTP/1.1" 200 (16 ms)
[10/May/2018:11:23:36 +0200] 0:0:0:0:0:0:0:1 "GET /libs/vendors/bower_components/jquery/dist/jquery.min.js HTTP/1.1" 404 (16 ms)
[10/May/2018:11:23:36 +0200] 0:0:0:0:0:0:0:1 "GET /danube-webshop.css HTTP/1.1" 304 (17 ms)
[10/May/2018:11:23:36 +0200] 0:0:0:0:0:0:0:1 "GET /libs/vendors/bower_components/bootstrap/dist/js/bootstrap.min.js HTTP/1.1" 404 (19 ms)
[10/May/2018:11:23:36 +0200] 0:0:0:0:0:0:0:1 "GET /danube-webshop.js HTTP/1.1" 404 (3 ms)
[10/May/2018:11:23:36 +0200] 0:0:0:0:0:0:0:1 "GET /srce-logo-potpis-web.gif HTTP/1.1" 404 (0 ms)
[10/May/2018:11:23:36 +0200] 0:0:0:0:0:0:0:1 "GET /libs/vendors/bower_components/jquery/dist/jquery.min.js HTTP/1.1" 404 (0 ms)
[10/May/2018:11:23:36 +0200] 0:0:0:0:0:0:0:1 "GET /libs/vendors/bower_components/bootstrap/dist/js/bootstrap.min.js HTTP/1.1" 404 (0 ms)
[10/May/2018:11:23:36 +0200] 0:0:0:0:0:0:0:1 "GET /danube-webshop.js HTTP/1.1" 404 (0 ms)
[10/May/2018:11:23:36 +0200] 0:0:0:0:0:0:0:1 "GET /srce-logo-potpis-web.gif HTTP/1.1" 404 (0 ms)
[10/May/2018:11:23:49 +0200] 0:0:0:0:0:0:0:1 "GET / HTTP/1.1" 200 (22 ms)
[10/May/2018:11:23:49 +0200] 0:0:0:0:0:0:0:1 "GET /libs/vendors/bower_components/jquery/dist/jquery.min.js HTTP/1.1" 404 (16 ms)
[10/May/2018:11:23:49 +0200] 0:0:0:0:0:0:0:1 "GET /libs/vendors/bower_components/bootstrap/dist/js/bootstrap.min.js HTTP/1.1" 404 (16 ms)
[10/May/2018:11:23:49 +0200] 0:0:0:0:0:0:0:1 "GET /danube-webshop.js HTTP/1.1" 404 (0 ms)
[10/May/2018:11:23:49 +0200] 0:0:0:0:0:0:0:1 "GET /srce-logo-potpis-web.gif HTTP/1.1" 404 (0 ms)
[10/May/2018:11:23:49 +0200] 0:0:0:0:0:0:0:1 "GET /libs/vendors/bower_components/jquery/dist/jquery.min.js HTTP/1.1" 404 (16 ms)
[10/May/2018:11:23:49 +0200] 0:0:0:0:0:0:0:1 "GET /libs/vendors/bower_components/bootstrap/dist/js/bootstrap.min.js HTTP/1.1" 404 (0 ms)
[10/May/2018:11:23:49 +0200] 0:0:0:0:0:0:0:1 "GET /danube-webshop.js HTTP/1.1" 404 (0 ms)
[10/May/2018:11:23:49 +0200] 0:0:0:0:0:0:0:1 "GET /srce-logo-potpis-web.gif HTTP/1.1" 404 (0 ms)
[10/May/2018:11:23:57 +0200] 0:0:0:0:0:0:0:1 "GET / HTTP/1.1" 200 (16 ms)
[10/May/2018:11:23:57 +0200] 0:0:0:0:0:0:0:1 "GET /libs/vendors/bower_components/jquery/dist/jquery.min.js HTTP/1.1" 404 (15 ms)
[10/May/2018:11:23:57 +0200] 0:0:0:0:0:0:0:1 "GET /libs/vendors/bower_components/bootstrap/dist/js/bootstrap.min.js HTTP/1.1" 404 (15 ms)
[10/May/2018:11:23:57 +0200] 0:0:0:0:0:0:0:1 "GET /danube-webshop.js HTTP/1.1" 404 (0 ms)
[10/May/2018:11:23:57 +0200] 0:0:0:0:0:0:0:1 "GET /srce-logo-potpis-web.gif HTTP/1.1" 404 (0 ms)
[10/May/2018:11:23:57 +0200] 0:0:0:0:0:0:0:1 "GET /libs/vendors/bower_components/jquery/dist/jquery.min.js HTTP/1.1" 404 (0 ms)
[10/May/2018:11:23:57 +0200] 0:0:0:0:0:0:0:1 "GET /libs/vendors/bower_components/bootstrap/dist/js/bootstrap.min.js HTTP/1.1" 404 (15 ms)
[10/May/2018:11:23:57 +0200] 0:0:0:0:0:0:0:1 "GET /danube-webshop.js HTTP/1.1" 404 (0 ms)
[10/May/2018:11:23:57 +0200] 0:0:0:0:0:0:0:1 "GET /srce-logo-potpis-web.gif HTTP/1.1" 404 (0 ms)
[10/May/2018:11:31:30 +0200] 0:0:0:0:0:0:0:1 "GET / HTTP/1.1" 200 (16 ms)
[10/May/2018:11:31:30 +0200] 0:0:0:0:0:0:0:1 "GET /danube-webshop.css HTTP/1.1" 200 (16 ms)
[10/May/2018:11:31:30 +0200] 0:0:0:0:0:0:0:1 "GET /danube-webshop.js HTTP/1.1" 404 (16 ms)
[10/May/2018:11:31:30 +0200] 0:0:0:0:0:0:0:1 "GET /srce-logo-potpis-web.gif HTTP/1.1" 404 (0 ms)
[10/May/2018:11:31:30 +0200] 0:0:0:0:0:0:0:1 "GET /danube-webshop.js HTTP/1.1" 404 (0 ms)
[10/May/2018:11:31:30 +0200] 0:0:0:0:0:0:0:1 "GET /srce-logo-potpis-web.gif HTTP/1.1" 404 (0 ms)
[10/May/2018:11:31:52 +0200] 0:0:0:0:0:0:0:1 "GET / HTTP/1.1" 200 (0 ms)
[10/May/2018:11:32:10 +0200] 0:0:0:0:0:0:0:1 "GET /danube-webshop.js HTTP/1.1" 404 (15 ms)
[10/May/2018:11:34:00 +0200] 0:0:0:0:0:0:0:1 "GET / HTTP/1.1" 200 (0 ms)
[10/May/2018:11:34:00 +0200] 0:0:0:0:0:0:0:1 "GET /danube-webshop.css HTTP/1.1" 200 (0 ms)
[10/May/2018:11:34:00 +0200] 0:0:0:0:0:0:0:1 "GET /danube-webshop.js HTTP/1.1" 404 (0 ms)
[10/May/2018:11:34:00 +0200] 0:0:0:0:0:0:0:1 "GET /danube-webshop.js HTTP/1.1" 404 (0 ms)
[10/May/2018:11:35:12 +0200] 0:0:0:0:0:0:0:1 "GET / HTTP/1.1" 200 (0 ms)
[10/May/2018:11:35:12 +0200] 0:0:0:0:0:0:0:1 "GET /danube-webshop.css HTTP/1.1" 200 (0 ms)
[10/May/2018:11:35:12 +0200] 0:0:0:0:0:0:0:1 "GET /danube-webshop.js HTTP/1.1" 404 (0 ms)
[10/May/2018:11:35:12 +0200] 0:0:0:0:0:0:0:1 "GET /danube-webshop.js HTTP/1.1" 404 (0 ms)
[10/May/2018:11:35:26 +0200] 0:0:0:0:0:0:0:1 "GET / HTTP/1.1" 200 (15 ms)
[10/May/2018:11:35:26 +0200] 0:0:0:0:0:0:0:1 "GET /danube-webshop.js HTTP/1.1" 404 (0 ms)
[10/May/2018:11:35:26 +0200] 0:0:0:0:0:0:0:1 "GET /danube-webshop.js HTTP/1.1" 404 (0 ms)
[10/May/2018:11:38:10 +0200] 0:0:0:0:0:0:0:1 "GET / HTTP/1.1" 200 (21 ms)
[10/May/2018:11:38:10 +0200] 0:0:0:0:0:0:0:1 "GET /danube-webshop.css HTTP/1.1" 200 (0 ms)
[10/May/2018:11:38:10 +0200] 0:0:0:0:0:0:0:1 "GET /danube-webshop.js HTTP/1.1" 404 (0 ms)
[10/May/2018:11:38:10 +0200] 0:0:0:0:0:0:0:1 "GET /danube-webshop.js HTTP/1.1" 404 (0 ms)
[10/May/2018:11:40:12 +0200] 0:0:0:0:0:0:0:1 "GET / HTTP/1.1" 200 (16 ms)
[10/May/2018:11:40:12 +0200] 0:0:0:0:0:0:0:1 "GET /danube-webshop.css HTTP/1.1" 200 (15 ms)
[10/May/2018:11:40:12 +0200] 0:0:0:0:0:0:0:1 "GET /danube-webshop.js HTTP/1.1" 404 (15 ms)
[10/May/2018:11:40:12 +0200] 0:0:0:0:0:0:0:1 "GET /danube-webshop.js HTTP/1.1" 404 (18 ms)
[10/May/2018:11:41:04 +0200] 0:0:0:0:0:0:0:1 "GET / HTTP/1.1" 200 (2 ms)
[10/May/2018:11:41:04 +0200] 0:0:0:0:0:0:0:1 "GET /danube-webshop.js HTTP/1.1" 404 (0 ms)
[10/May/2018:11:41:04 +0200] 0:0:0:0:0:0:0:1 "GET /danube-webshop.css HTTP/1.1" 200 (0 ms)
[10/May/2018:11:41:04 +0200] 0:0:0:0:0:0:0:1 "GET /danube-webshop.js HTTP/1.1" 404 (15 ms)
[10/May/2018:11:41:41 +0200] 0:0:0:0:0:0:0:1 "GET / HTTP/1.1" 200 (0 ms)
[10/May/2018:11:41:41 +0200] 0:0:0:0:0:0:0:1 "GET /danube-webshop.css HTTP/1.1" 304 (0 ms)
[10/May/2018:11:41:41 +0200] 0:0:0:0:0:0:0:1 "GET /danube-webshop.js HTTP/1.1" 404 (0 ms)
[10/May/2018:11:41:41 +0200] 0:0:0:0:0:0:0:1 "GET /danube-webshop.js HTTP/1.1" 404 (0 ms)
[10/May/2018:11:42:49 +0200] 0:0:0:0:0:0:0:1 "GET / HTTP/1.1" 200 (0 ms)
[10/May/2018:11:42:49 +0200] 0:0:0:0:0:0:0:1 "GET /danube-webshop.css HTTP/1.1" 304 (0 ms)
[10/May/2018:11:42:49 +0200] 0:0:0:0:0:0:0:1 "GET /danube-webshop.js HTTP/1.1" 404 (0 ms)
[10/May/2018:11:42:49 +0200] 0:0:0:0:0:0:0:1 "GET /danube-webshop.js HTTP/1.1" 404 (0 ms)
[10/May/2018:12:50:53 +0200] 0:0:0:0:0:0:0:1 "GET / HTTP/1.1" 200 (617 ms)
[10/May/2018:12:50:53 +0200] 0:0:0:0:0:0:0:1 "GET /danube-webshop.css HTTP/1.1" 200 (31 ms)
[10/May/2018:12:50:53 +0200] 0:0:0:0:0:0:0:1 "GET /danube-webshop.js HTTP/1.1" 404 (47 ms)
[10/May/2018:12:53:34 +0200] 0:0:0:0:0:0:0:1 "GET /preglednik/index.html HTTP/1.1" 404 (54 ms)
[10/May/2018:12:53:35 +0200] 0:0:0:0:0:0:0:1 "GET /danube-webshop.css HTTP/1.1" 200 (15 ms)
[10/May/2018:12:53:35 +0200] 0:0:0:0:0:0:0:1 "GET /danube-webshop.js HTTP/1.1" 404 (16 ms)
[10/May/2018:12:53:40 +0200] 0:0:0:0:0:0:0:1 "GET / HTTP/1.1" 200 (16 ms)
[10/May/2018:12:53:40 +0200] 0:0:0:0:0:0:0:1 "GET /danube-webshop.css HTTP/1.1" 200 (0 ms)
[10/May/2018:12:53:40 +0200] 0:0:0:0:0:0:0:1 "GET /danube-webshop.js HTTP/1.1" 404 (0 ms)
[10/May/2018:12:53:40 +0200] 0:0:0:0:0:0:0:1 "GET /danube-webshop.js HTTP/1.1" 404 (0 ms)
[10/May/2018:12:54:49 +0200] 0:0:0:0:0:0:0:1 "GET / HTTP/1.1" 200 (31 ms)
[10/May/2018:12:54:49 +0200] 0:0:0:0:0:0:0:1 "GET /danube-webshop.css HTTP/1.1" 200 (0 ms)
[10/May/2018:12:54:49 +0200] 0:0:0:0:0:0:0:1 "GET /danube-webshop.js HTTP/1.1" 404 (0 ms)
[10/May/2018:12:54:49 +0200] 0:0:0:0:0:0:0:1 "GET /danube-webshop.js HTTP/1.1" 404 (0 ms)
[10/May/2018:12:55:10 +0200] 0:0:0:0:0:0:0:1 "GET / HTTP/1.1" 200 (15 ms)
[10/May/2018:12:55:10 +0200] 0:0:0:0:0:0:0:1 "GET /danube-webshop.css HTTP/1.1" 200 (0 ms)
[10/May/2018:12:55:10 +0200] 0:0:0:0:0:0:0:1 "GET /danube-webshop.js HTTP/1.1" 404 (0 ms)
[10/May/2018:12:55:10 +0200] 0:0:0:0:0:0:0:1 "GET /danube-webshop.js HTTP/1.1" 404 (0 ms)
[10/May/2018:12:55:38 +0200] 0:0:0:0:0:0:0:1 "GET / HTTP/1.1" 200 (16 ms)
[10/May/2018:12:55:38 +0200] 0:0:0:0:0:0:0:1 "GET /danube-webshop.css HTTP/1.1" 200 (16 ms)
[10/May/2018:12:55:38 +0200] 0:0:0:0:0:0:0:1 "GET /danube-webshop.js HTTP/1.1" 404 (0 ms)
[10/May/2018:12:55:38 +0200] 0:0:0:0:0:0:0:1 "GET /danube-webshop.js HTTP/1.1" 404 (16 ms)
[10/May/2018:12:56:10 +0200] 0:0:0:0:0:0:0:1 "GET /login.html HTTP/1.1" 200 (0 ms)
[10/May/2018:12:56:10 +0200] 0:0:0:0:0:0:0:1 "GET /assets/css/ie10-viewport-bug-workaround.css HTTP/1.1" 404 (15 ms)
[10/May/2018:12:56:10 +0200] 0:0:0:0:0:0:0:1 "GET /dist/css/bootstrap.min.css HTTP/1.1" 404 (15 ms)
[10/May/2018:12:56:10 +0200] 0:0:0:0:0:0:0:1 "GET /signin.css HTTP/1.1" 404 (0 ms)
[10/May/2018:12:56:10 +0200] 0:0:0:0:0:0:0:1 "GET /assets/js/ie-emulation-modes-warning.js HTTP/1.1" 404 (0 ms)
[10/May/2018:12:56:10 +0200] 0:0:0:0:0:0:0:1 "GET /assets/js/ie10-viewport-bug-workaround.js HTTP/1.1" 404 (0 ms)
[10/May/2018:12:58:00 +0200] 0:0:0:0:0:0:0:1 "GET /login.html HTTP/1.1" 200 (16 ms)
[10/May/2018:12:58:00 +0200] 0:0:0:0:0:0:0:1 "GET /danube-webshop.css HTTP/1.1" 200 (16 ms)
[10/May/2018:12:58:00 +0200] 0:0:0:0:0:0:0:1 "GET /signin.css HTTP/1.1" 404 (0 ms)
[10/May/2018:12:58:00 +0200] 0:0:0:0:0:0:0:1 "GET /assets/js/ie10-viewport-bug-workaround.js HTTP/1.1" 404 (16 ms)
[10/May/2018:12:58:27 +0200] 0:0:0:0:0:0:0:1 "GET /login.html HTTP/1.1" 200 (16 ms)
[10/May/2018:12:58:27 +0200] 0:0:0:0:0:0:0:1 "GET /assets/js/ie10-viewport-bug-workaround.js HTTP/1.1" 404 (0 ms)
[10/May/2018:12:58:27 +0200] 0:0:0:0:0:0:0:1 "GET /danube-webshop.css HTTP/1.1" 200 (0 ms)
[10/May/2018:12:58:43 +0200] 0:0:0:0:0:0:0:1 "GET /login.html HTTP/1.1" 200 (0 ms)
[10/May/2018:12:58:43 +0200] 0:0:0:0:0:0:0:1 "GET /danube-webshop.css HTTP/1.1" 200 (18 ms)
[10/May/2018:12:58:43 +0200] 0:0:0:0:0:0:0:1 "GET /assets/js/ie10-viewport-bug-workaround.js HTTP/1.1" 404 (23 ms)
[10/May/2018:13:06:25 +0200] 0:0:0:0:0:0:0:1 "GET / HTTP/1.1" 200 (779 ms)
[10/May/2018:13:06:25 +0200] 0:0:0:0:0:0:0:1 "GET /danube-webshop.css HTTP/1.1" 200 (16 ms)
[10/May/2018:13:06:25 +0200] 0:0:0:0:0:0:0:1 "GET /danube-webshop.js HTTP/1.1" 404 (217 ms)
[10/May/2018:13:10:00 +0200] 0:0:0:0:0:0:0:1 "GET / HTTP/1.1" 200 (600 ms)
[10/May/2018:13:10:00 +0200] 0:0:0:0:0:0:0:1 "GET /danube-webshop.css HTTP/1.1" 200 (15 ms)
[10/May/2018:13:10:00 +0200] 0:0:0:0:0:0:0:1 "GET /danube-webshop.js HTTP/1.1" 404 (46 ms)
[10/May/2018:13:13:03 +0200] 0:0:0:0:0:0:0:1 "GET / HTTP/1.1" 500 (36 ms)
[10/May/2018:13:13:03 +0200] 0:0:0:0:0:0:0:1 "GET /danube-webshop.css HTTP/1.1" 200 (0 ms)
[10/May/2018:13:13:03 +0200] 0:0:0:0:0:0:0:1 "GET /danube-webshop.js HTTP/1.1" 404 (15 ms)
[10/May/2018:13:13:32 +0200] 0:0:0:0:0:0:0:1 "GET / HTTP/1.1" 200 (31 ms)
[10/May/2018:13:13:32 +0200] 0:0:0:0:0:0:0:1 "GET /danube-webshop.css HTTP/1.1" 200 (0 ms)
[10/May/2018:13:13:32 +0200] 0:0:0:0:0:0:0:1 "GET /danube-webshop.js HTTP/1.1" 404 (15 ms)
[10/May/2018:13:15:24 +0200] 0:0:0:0:0:0:0:1 "GET / HTTP/1.1" 200 (14 ms)
[10/May/2018:13:15:24 +0200] 0:0:0:0:0:0:0:1 "GET /danube-webshop.css HTTP/1.1" 200 (0 ms)
[10/May/2018:13:15:24 +0200] 0:0:0:0:0:0:0:1 "GET /danube-webshop.js HTTP/1.1" 404 (20 ms)
[10/May/2018:13:16:06 +0200] 0:0:0:0:0:0:0:1 "GET / HTTP/1.1" 200 (53 ms)
[10/May/2018:13:16:06 +0200] 0:0:0:0:0:0:0:1 "GET /danube-webshop.css HTTP/1.1" 200 (16 ms)
[10/May/2018:13:16:06 +0200] 0:0:0:0:0:0:0:1 "GET /danube-webshop.js HTTP/1.1" 404 (15 ms)
[10/May/2018:13:21:41 +0200] 0:0:0:0:0:0:0:1 "GET / HTTP/1.1" 200 (748 ms)
[10/May/2018:13:21:41 +0200] 0:0:0:0:0:0:0:1 "GET /danube-webshop.css HTTP/1.1" 200 (16 ms)
[10/May/2018:13:21:41 +0200] 0:0:0:0:0:0:0:1 "GET /danube-webshop.js HTTP/1.1" 404 (222 ms)
